60385|08-14 10:53:12:567244| 406|child_monitor_main.c||
60385|08-14 10:53:12:567462| 342|child_monitor_main.c|Poolmanager pid[60385] create child[60386]
|
60386|08-14 10:53:12:567540| 333|child_monitor_main.c|child [60386] create father [60385]|
60386|08-14 10:53:12:567865|  12|child_main.c|child[60386] create|
60385|08-14 10:53:12:567967| 354|child_monitor_main.c|child [60386] register|
60385|08-14 10:53:12:567998| 356|child_monitor_main.c|Poolmanager pid[60385] create child[60386] success
|
60385|08-14 10:53:12:568099| 342|child_monitor_main.c|Poolmanager pid[60385] create child[60387]
|
60387|08-14 10:53:12:568179| 333|child_monitor_main.c|child [60387] create father [60385]|
60387|08-14 10:53:12:568475|  12|child_main.c|child[60387] create|
60385|08-14 10:53:12:568568| 354|child_monitor_main.c|child [60387] register|
60385|08-14 10:53:12:568590| 356|child_monitor_main.c|Poolmanager pid[60385] create child[60387] success
|
60385|08-14 10:53:12:568655| 342|child_monitor_main.c|Poolmanager pid[60385] create child[60388]
|
60388|08-14 10:53:12:568730| 333|child_monitor_main.c|child [60388] create father [60385]|
60388|08-14 10:53:12:569023|  12|child_main.c|child[60388] create|
60385|08-14 10:53:12:569119| 354|child_monitor_main.c|child [60388] register|
60385|08-14 10:53:12:569141| 356|child_monitor_main.c|Poolmanager pid[60385] create child[60388] success
|
60384|08-14 10:53:12:569189|  96|procpool.c|manager send is [2]|
60384|08-14 10:53:12:569271| 102|procpool.c|Procpool Create Success poolmanager pid[60385]
|
60385|08-14 10:53:22:534788| 342|child_monitor_main.c|Poolmanager pid[60385] create child[60390]
|
60390|08-14 10:53:22:534918| 333|child_monitor_main.c|child [60390] create father [60385]|
60390|08-14 10:53:22:535335|  12|child_main.c|child[60390] create|
60385|08-14 10:53:22:535457| 354|child_monitor_main.c|child [60390] register|
60385|08-14 10:53:22:535483| 356|child_monitor_main.c|Poolmanager pid[60385] create child[60390] success
|
60385|08-14 10:53:22:535550| 342|child_monitor_main.c|Poolmanager pid[60385] create child[60391]
|
60391|08-14 10:53:22:535628| 333|child_monitor_main.c|child [60391] create father [60385]|
60391|08-14 10:53:22:535968|  12|child_main.c|child[60391] create|
60385|08-14 10:53:22:536063| 354|child_monitor_main.c|child [60391] register|
60385|08-14 10:53:22:536085| 356|child_monitor_main.c|Poolmanager pid[60385] create child[60391] success
|
60384|08-14 10:53:22:536121|  17|main.c   |ret=[192]
|
60384|08-14 10:53:22:536216|  19|main.c   |poolinfo.idel[100.000000]
|
60384|08-14 10:53:22:536238|  21|main.c   |poolinfo.childnum[5]
|
60384|08-14 10:53:22:536251|  23|main.c   |poolinfo.freechildnum[5]
|
60384|08-14 10:53:24:519149|  45|main.c   |ret=[192]
|
60384|08-14 10:53:24:519230|  47|main.c   |poolinfo.idel[100.000000]
|
60384|08-14 10:53:24:519246|  49|main.c   |poolinfo.childnum[5]
|
60384|08-14 10:53:24:519258|  51|main.c   |poolinfo.freechildnum[2]
|
60384|08-14 10:53:26:519375|  45|main.c   |ret=[192]
|
60384|08-14 10:53:26:519452|  47|main.c   |poolinfo.idel[100.000000]
|
60384|08-14 10:53:26:519467|  49|main.c   |poolinfo.childnum[5]
|
60384|08-14 10:53:26:519478|  51|main.c   |poolinfo.freechildnum[0]
|
60384|08-14 10:53:28:501939|  45|main.c   |ret=[192]
|
60384|08-14 10:53:28:502015|  47|main.c   |poolinfo.idel[100.000000]
|
60384|08-14 10:53:28:502031|  49|main.c   |poolinfo.childnum[5]
|
60384|08-14 10:53:28:502043|  51|main.c   |poolinfo.freechildnum[3]
|
60384|08-14 10:53:30:502146|  45|main.c   |ret=[192]
|
60384|08-14 10:53:30:502220|  47|main.c   |poolinfo.idel[100.000000]
|
60384|08-14 10:53:30:502235|  49|main.c   |poolinfo.childnum[5]
|
60384|08-14 10:53:30:502246|  51|main.c   |poolinfo.freechildnum[5]
|
60384|08-14 10:53:32:502357|  45|main.c   |ret=[192]
|
60384|08-14 10:53:32:502435|  47|main.c   |poolinfo.idel[40.000000]
|
60384|08-14 10:53:32:502450|  49|main.c   |poolinfo.childnum[5]
|
60384|08-14 10:53:32:502461|  51|main.c   |poolinfo.freechildnum[2]
|
60384|08-14 10:53:34:484371|  45|main.c   |ret=[192]
|
60384|08-14 10:53:34:484450|  47|main.c   |poolinfo.idel[40.000000]
|
60384|08-14 10:53:34:484481|  49|main.c   |poolinfo.childnum[5]
|
60384|08-14 10:53:34:484494|  51|main.c   |poolinfo.freechildnum[0]
|
60384|08-14 10:53:36:484745|  45|main.c   |ret=[192]
|
60384|08-14 10:53:36:484788|  47|main.c   |poolinfo.idel[40.000000]
|
60384|08-14 10:53:36:484803|  49|main.c   |poolinfo.childnum[5]
|
60384|08-14 10:53:36:484814|  51|main.c   |poolinfo.freechildnum[0]
|
60384|08-14 10:53:38:466914|  45|main.c   |ret=[192]
|
60384|08-14 10:53:38:467024|  47|main.c   |poolinfo.idel[40.000000]
|
60384|08-14 10:53:38:467043|  49|main.c   |poolinfo.childnum[5]
|
60384|08-14 10:53:38:467055|  51|main.c   |poolinfo.freechildnum[5]
|
60384|08-14 10:53:40:467177|  45|main.c   |ret=[192]
|
60384|08-14 10:53:40:467265|  47|main.c   |poolinfo.idel[40.000000]
|
60384|08-14 10:53:40:467282|  49|main.c   |poolinfo.childnum[5]
|
60384|08-14 10:53:40:467294|  51|main.c   |poolinfo.freechildnum[2]
|
60384|08-14 10:53:42:467411|  45|main.c   |ret=[192]
|
60384|08-14 10:53:42:467488|  47|main.c   |poolinfo.idel[0.000000]
|
60384|08-14 10:53:42:467502|  49|main.c   |poolinfo.childnum[5]
|
60384|08-14 10:53:42:467513|  51|main.c   |poolinfo.freechildnum[0]
|
60384|08-14 10:53:44:449400|  45|main.c   |ret=[192]
|
60384|08-14 10:53:44:449487|  47|main.c   |poolinfo.idel[0.000000]
|
60384|08-14 10:53:44:449505|  49|main.c   |poolinfo.childnum[5]
|
60384|08-14 10:53:44:449517|  51|main.c   |poolinfo.freechildnum[3]
|
60384|08-14 10:53:46:449626|  45|main.c   |ret=[192]
|
60384|08-14 10:53:46:449699|  47|main.c   |poolinfo.idel[0.000000]
|
60384|08-14 10:53:46:449714|  49|main.c   |poolinfo.childnum[5]
|
60384|08-14 10:53:46:449725|  51|main.c   |poolinfo.freechildnum[5]
|
60384|08-14 10:53:48:432007|  45|main.c   |ret=[192]
|
60384|08-14 10:53:48:432058|  47|main.c   |poolinfo.idel[0.000000]
|
60384|08-14 10:53:48:432074|  49|main.c   |poolinfo.childnum[5]
|
60384|08-14 10:53:48:432085|  51|main.c   |poolinfo.freechildnum[2]
|
60384|08-14 10:53:50:432184|  45|main.c   |ret=[192]
|
60384|08-14 10:53:50:432276|  47|main.c   |poolinfo.idel[0.000000]
|
60384|08-14 10:53:50:432292|  49|main.c   |poolinfo.childnum[5]
|
60384|08-14 10:53:50:432304|  51|main.c   |poolinfo.freechildnum[0]
|
60384|08-14 10:53:52:432409|  45|main.c   |ret=[192]
|
60384|08-14 10:53:52:432487|  47|main.c   |poolinfo.idel[0.000000]
|
60384|08-14 10:53:52:432503|  49|main.c   |poolinfo.childnum[5]
|
60384|08-14 10:53:52:432515|  51|main.c   |poolinfo.freechildnum[3]
|
60384|08-14 10:53:54:415018|  45|main.c   |ret=[192]
|
60384|08-14 10:53:54:415097|  47|main.c   |poolinfo.idel[0.000000]
|
60384|08-14 10:53:54:415114|  49|main.c   |poolinfo.childnum[5]
|
60384|08-14 10:53:54:415126|  51|main.c   |poolinfo.freechildnum[5]
|
60384|08-14 10:53:56:415259|  45|main.c   |ret=[192]
|
60384|08-14 10:53:56:415356|  47|main.c   |poolinfo.idel[0.000000]
|
60384|08-14 10:53:56:415382|  49|main.c   |poolinfo.childnum[5]
|
60384|08-14 10:53:56:415403|  51|main.c   |poolinfo.freechildnum[2]
|
60384|08-14 10:53:58:415531|  45|main.c   |ret=[192]
|
60384|08-14 10:53:58:415608|  47|main.c   |poolinfo.idel[0.000000]
|
60384|08-14 10:53:58:415623|  49|main.c   |poolinfo.childnum[5]
|
60384|08-14 10:53:58:415635|  51|main.c   |poolinfo.freechildnum[0]
|
60384|08-14 10:54:00:397885|  45|main.c   |ret=[192]
|
60384|08-14 10:54:00:397963|  47|main.c   |poolinfo.idel[0.000000]
|
60384|08-14 10:54:00:397979|  49|main.c   |poolinfo.childnum[5]
|
60384|08-14 10:54:00:397991|  51|main.c   |poolinfo.freechildnum[3]
|
60384|08-14 10:54:02:398090|  45|main.c   |ret=[192]
|
60384|08-14 10:54:02:398165|  47|main.c   |poolinfo.idel[60.000004]
|
60384|08-14 10:54:02:398180|  49|main.c   |poolinfo.childnum[5]
|
60384|08-14 10:54:02:398192|  51|main.c   |poolinfo.freechildnum[5]
|
60384|08-14 10:54:04:380190|  45|main.c   |ret=[192]
|
60384|08-14 10:54:04:380270|  47|main.c   |poolinfo.idel[60.000004]
|
60384|08-14 10:54:04:380285|  49|main.c   |poolinfo.childnum[5]
|
60384|08-14 10:54:04:380297|  51|main.c   |poolinfo.freechildnum[2]
|
60384|08-14 10:54:06:380424|  45|main.c   |ret=[192]
|
60384|08-14 10:54:06:380521|  47|main.c   |poolinfo.idel[60.000004]
|
60384|08-14 10:54:06:380538|  49|main.c   |poolinfo.childnum[5]
|
60384|08-14 10:54:06:380550|  51|main.c   |poolinfo.freechildnum[0]
|
60384|08-14 10:54:08:380663|  45|main.c   |ret=[192]
|
60384|08-14 10:54:08:380740|  47|main.c   |poolinfo.idel[60.000004]
|
60384|08-14 10:54:08:380755|  49|main.c   |poolinfo.childnum[5]
|
60384|08-14 10:54:08:380766|  51|main.c   |poolinfo.freechildnum[3]
|
